[INFO] Scanning for projects...
[INFO] 
[INFO] -------------------< cs.msu.edu:csci-468-spring2022 >-------------------
[INFO] Building csci-468-spring2022 1.0-SNAPSHOT
[INFO] --------------------------------[ jar ]---------------------------------
[INFO] 
[INFO] --- maven-resources-plugin:2.6:resources (default-resources) @ csci-468-spring2022 ---
[WARNING] Using platform encoding (UTF-8 actually) to copy filtered resources, i.e. build is platform dependent!
[INFO] Copying 5 resources
[INFO] 
[INFO] --- maven-compiler-plugin:3.1:compile (default-compile) @ csci-468-spring2022 ---
[INFO] Changes detected - recompiling the module!
[WARNING] File encoding has not been set, using platform encoding UTF-8, i.e. build is platform dependent!
[INFO] Compiling 47 source files to /Users/carson/Projects/msu/csci-468-spring2023/grading/scripts/repos/shreya_deb/target/classes
[WARNING] /Users/carson/Projects/msu/csci-468-spring2023/grading/scripts/repos/shreya_deb/src/main/java/edu/montana/csci/csci468/bytecode/MethodGenerator.java: /Users/carson/Projects/msu/csci-468-spring2023/grading/scripts/repos/shreya_deb/src/main/java/edu/montana/csci/csci468/bytecode/MethodGenerator.java uses or overrides a deprecated API.
[WARNING] /Users/carson/Projects/msu/csci-468-spring2023/grading/scripts/repos/shreya_deb/src/main/java/edu/montana/csci/csci468/bytecode/MethodGenerator.java: Recompile with -Xlint:deprecation for details.
[WARNING] /Users/carson/Projects/msu/csci-468-spring2023/grading/scripts/repos/shreya_deb/src/main/java/edu/montana/csci/csci468/tokenizer/TokenList.java: Some input files use unchecked or unsafe operations.
[WARNING] /Users/carson/Projects/msu/csci-468-spring2023/grading/scripts/repos/shreya_deb/src/main/java/edu/montana/csci/csci468/tokenizer/TokenList.java: Recompile with -Xlint:unchecked for details.
[INFO] 
[INFO] --- maven-resources-plugin:2.6:testResources (default-testResources) @ csci-468-spring2022 ---
[WARNING] Using platform encoding (UTF-8 actually) to copy filtered resources, i.e. build is platform dependent!
[INFO] skip non existing resourceDirectory /Users/carson/Projects/msu/csci-468-spring2023/grading/scripts/repos/shreya_deb/src/test/resources
[INFO] 
[INFO] --- maven-compiler-plugin:3.1:testCompile (default-testCompile) @ csci-468-spring2022 ---
[INFO] Nothing to compile - all classes are up to date
[INFO] 
[INFO] --- maven-surefire-plugin:2.22.1:test (default-test) @ csci-468-spring2022 ---
[INFO] 
[INFO] -------------------------------------------------------
[INFO]  T E S T S
[INFO] -------------------------------------------------------
[INFO] Running edu.montana.csci.csci468.tokenizer.CatScriptTokenizerTest
[INFO] Tests run: 16, Failures: 0, Errors: 0, Skipped: 0, Time elapsed: 0.021 s - in edu.montana.csci.csci468.tokenizer.CatScriptTokenizerTest
[INFO] Running edu.montana.csci.csci468.parser.CatscriptParserStatementsTest
[ERROR] Tests run: 21, Failures: 0, Errors: 2, Skipped: 0, Time elapsed: 0.011 s <<< FAILURE! - in edu.montana.csci.csci468.parser.CatscriptParserStatementsTest
[ERROR] functionCallStatement  Time elapsed: 0 s  <<< ERROR!
java.lang.ClassCastException: class edu.montana.csci.csci468.parser.statements.SyntaxErrorStatement cannot be cast to class edu.montana.csci.csci468.parser.statements.FunctionCallStatement (edu.montana.csci.csci468.parser.statements.SyntaxErrorStatement and edu.montana.csci.csci468.parser.statements.FunctionCallStatement are in unnamed module of loader 'app')
	at edu.montana.csci.csci468.parser.CatscriptParserStatementsTest.functionCallStatement(CatscriptParserStatementsTest.java:136)

[ERROR] varStatementWithListType  Time elapsed: 0.002 s  <<< ERROR!
edu.montana.csci.csci468.parser.ParseErrorException: 
Parse Errors Occurred:

Line 1:var x : list<int> = [1, 2, 3]
                  ^

Error: Unexpected Token

Line 1:var x : list<int> = [1, 2, 3]
                  ^

Error: Unexpected Token

Line 1:var x : list<int> = [1, 2, 3]
                      ^

Error: Unexpected Token

Line 1:var x : list<int> = [1, 2, 3]
                        ^

Error: Unexpected Token

Line 1:var x : list<int> = [1, 2, 3]
                          ^

Error: Unexpected Token

Line 1:var x : list<int> = [1, 2, 3]
                           ^

Error: Unexpected Token

Line 1:var x : list<int> = [1, 2, 3]
                            ^

Error: Unexpected Token

Line 1:var x : list<int> = [1, 2, 3]
                              ^

Error: Unexpected Token

Line 1:var x : list<int> = [1, 2, 3]
                               ^

Error: Unexpected Token

Line 1:var x : list<int> = [1, 2, 3]
                                 ^

Error: Unexpected Token

Line 1:var x : list<int> = [1, 2, 3]
                                  ^

Error: Unexpected Token


	at edu.montana.csci.csci468.parser.CatscriptParserStatementsTest.varStatementWithListType(CatscriptParserStatementsTest.java:119)

[INFO] Running edu.montana.csci.csci468.parser.CatscriptParserTypeCheckingTest
[ERROR] Tests run: 10, Failures: 0, Errors: 1, Skipped: 0, Time elapsed: 0 s <<< FAILURE! - in edu.montana.csci.csci468.parser.CatscriptParserTypeCheckingTest
[ERROR] assignmentTypeError  Time elapsed: 0 s  <<< ERROR!
java.lang.IllegalStateException: 
The code var x = 10
x = true did not throw an error!
	at edu.montana.csci.csci468.parser.CatscriptParserTypeCheckingTest.assignmentTypeError(CatscriptParserTypeCheckingTest.java:55)

[INFO] Running edu.montana.csci.csci468.parser.CatscriptParserErrorsTest
[INFO] Tests run: 1, Failures: 0, Errors: 0, Skipped: 0, Time elapsed: 0 s - in edu.montana.csci.csci468.parser.CatscriptParserErrorsTest
[INFO] Running edu.montana.csci.csci468.parser.CatscriptParserSymbolCheckingTest
[INFO] Tests run: 8, Failures: 0, Errors: 0, Skipped: 0, Time elapsed: 0.002 s - in edu.montana.csci.csci468.parser.CatscriptParserSymbolCheckingTest
[INFO] Running edu.montana.csci.csci468.parser.CatscriptParserExpressionsTest
[INFO] Tests run: 29, Failures: 0, Errors: 0, Skipped: 0, Time elapsed: 0.007 s - in edu.montana.csci.csci468.parser.CatscriptParserExpressionsTest
[INFO] Running edu.montana.csci.csci468.eval.CatscriptStatementExecutionTest
[ERROR] Tests run: 9, Failures: 0, Errors: 2, Skipped: 0, Time elapsed: 0.004 s <<< FAILURE! - in edu.montana.csci.csci468.eval.CatscriptStatementExecutionTest
[ERROR] recursiveFunctionWorksProperly  Time elapsed: 0 s  <<< ERROR!
edu.montana.csci.csci468.parser.ParseErrorException: 
Parse Errors Occurred:

Line 2:print(x)if(x > 0) {  foo(x - 1)}}
                               ^

Error: Unexpected Token

Line 2:print(x)if(x > 0) {  foo(x - 1)}}
                                 ^

Error: Unexpected Token

Line 2:print(x)if(x > 0) {  foo(x - 1)}}
                                   ^

Error: Unexpected Token

Line 2:print(x)if(x > 0) {  foo(x - 1)}}
                                    ^

Error: Unexpected Token

Line 3:foo(9)
          ^

Error: Unexpected Token

Line 3:foo(9)
           ^

Error: Unexpected Token


	at edu.montana.csci.csci468.eval.CatscriptStatementExecutionTest.recursiveFunctionWorksProperly(CatscriptStatementExecutionTest.java:75)

[ERROR] functionDeclarationWorksProperly  Time elapsed: 0.001 s  <<< ERROR!
edu.montana.csci.csci468.parser.ParseErrorException: 
Parse Errors Occurred:

Line 2:foo(1)
          ^

Error: Unexpected Token

Line 2:foo(1)
           ^

Error: Unexpected Token

Line 3:foo(2)
          ^

Error: Unexpected Token

Line 3:foo(2)
           ^

Error: Unexpected Token

Line 4:foo(3)
          ^

Error: Unexpected Token

Line 4:foo(3)
           ^

Error: Unexpected Token


	at edu.montana.csci.csci468.eval.CatscriptStatementExecutionTest.functionDeclarationWorksProperly(CatscriptStatementExecutionTest.java:66)

[INFO] Running edu.montana.csci.csci468.eval.CatscriptBasicExpressionEvalTest
[INFO] Tests run: 8, Failures: 0, Errors: 0, Skipped: 0, Time elapsed: 0.002 s - in edu.montana.csci.csci468.eval.CatscriptBasicExpressionEvalTest
[INFO] Running edu.montana.csci.csci468.eval.CatscriptFunctionArgsAndReturnEvalTest
[ERROR] Tests run: 14, Failures: 0, Errors: 10, Skipped: 0, Time elapsed: 0.005 s <<< FAILURE! - in edu.montana.csci.csci468.eval.CatscriptFunctionArgsAndReturnEvalTest
[ERROR] listTypeWithComponentTypeArgWorksProperly  Time elapsed: 0.001 s  <<< ERROR!
edu.montana.csci.csci468.parser.ParseErrorException: 
Parse Errors Occurred:

Line 1:function foo(x : list<int>) { print(x) }foo([1, 2, 3])
                           ^

Error: Unexpected Token

Line 1:function foo(x : list<int>) { print(x) }foo([1, 2, 3])
                           ^

Error: Unexpected Token

Line 1:function foo(x : list<int>) { print(x) }foo([1, 2, 3])
                           ^

Error: Unexpected Token

Line 1:function foo(x : list<int>) { print(x) }foo([1, 2, 3])
                               ^

Error: Unexpected Token

Line 1:function foo(x : list<int>) { print(x) }foo([1, 2, 3])
                                ^

Error: Unexpected Token

Line 1:function foo(x : list<int>) { print(x) }foo([1, 2, 3])
                                  ^

Error: Unexpected Token

Line 1:function foo(x : list<int>) { print(x) }foo([1, 2, 3])
                                                  ^

Error: Unexpected Token

Line 1:function foo(x : list<int>) { print(x) }foo([1, 2, 3])
                                                   ^

Error: Unexpected Token

Line 1:function foo(x : list<int>) { print(x) }foo([1, 2, 3])
                                                    ^

Error: Unexpected Token

Line 1:function foo(x : list<int>) { print(x) }foo([1, 2, 3])
                                                      ^

Error: Unexpected Token

Line 1:function foo(x : list<int>) { print(x) }foo([1, 2, 3])
                                                       ^

Error: Unexpected Token

Line 1:function foo(x : list<int>) { print(x) }foo([1, 2, 3])
                                                         ^

Error: Unexpected Token

Line 1:function foo(x : list<int>) { print(x) }foo([1, 2, 3])
                                                          ^

Error: Unexpected Token

Line 1:function foo(x : list<int>) { print(x) }foo([1, 2, 3])
                                                           ^

Error: Unexpected Token


	at edu.montana.csci.csci468.eval.CatscriptFunctionArgsAndReturnEvalTest.listTypeWithComponentTypeArgWorksProperly(CatscriptFunctionArgsAndReturnEvalTest.java:56)

[ERROR] stringTypeArgWorksProperly  Time elapsed: 0 s  <<< ERROR!
edu.montana.csci.csci468.parser.ParseErrorException: 
Parse Errors Occurred:

Line 1:function foo(x : string) { print(x) }foo("foo")
                                               ^

Error: Unexpected Token

Line 1:function foo(x : string) { print(x) }foo("foo")
                                                    ^

Error: Unexpected Token


	at edu.montana.csci.csci468.eval.CatscriptFunctionArgsAndReturnEvalTest.stringTypeArgWorksProperly(CatscriptFunctionArgsAndReturnEvalTest.java:44)

[ERROR] noTypeArgWorksProperly  Time elapsed: 0 s  <<< ERROR!
edu.montana.csci.csci468.parser.ParseErrorException: 
Parse Errors Occurred:

Line 1:function foo(x) { print(x) }foo(1)
                                      ^

Error: Unexpected Token

Line 1:function foo(x) { print(x) }foo(1)
                                       ^

Error: Unexpected Token


	at edu.montana.csci.csci468.eval.CatscriptFunctionArgsAndReturnEvalTest.noTypeArgWorksProperly(CatscriptFunctionArgsAndReturnEvalTest.java:20)

[ERROR] mutliArgumentFunctionsWork  Time elapsed: 0 s  <<< ERROR!
edu.montana.csci.csci468.parser.ParseErrorException: 
Parse Errors Occurred:

Line 1:function foo(x, y, z) { print(x) }foo(1, 2, 3)
                                            ^

Error: Unexpected Token

Line 1:function foo(x, y, z) { print(x) }foo(1, 2, 3)
                                             ^

Error: Unexpected Token

Line 1:function foo(x, y, z) { print(x) }foo(1, 2, 3)
                                               ^

Error: Unexpected Token

Line 1:function foo(x, y, z) { print(x) }foo(1, 2, 3)
                                                ^

Error: Unexpected Token

Line 1:function foo(x, y, z) { print(x) }foo(1, 2, 3)
                                                  ^

Error: Unexpected Token

Line 1:function foo(x, y, z) { print(x) }foo(1, 2, 3)
                                                   ^

Error: Unexpected Token


	at edu.montana.csci.csci468.eval.CatscriptFunctionArgsAndReturnEvalTest.mutliArgumentFunctionsWork(CatscriptFunctionArgsAndReturnEvalTest.java:62)

[ERROR] returnListWithComponentTypeWorksProperly  Time elapsed: 0 s  <<< ERROR!
edu.montana.csci.csci468.parser.ParseErrorException: 
Parse Errors Occurred:

Line 1:function foo() : list<int> { return [1, 2, 3] }print(foo())
                           ^

Error: Unexpected Token

Line 1:function foo() : list<int> { return [1, 2, 3] }print(foo())
                           ^

Error: Unexpected Token

Line 1:function foo() : list<int> { return [1, 2, 3] }print(foo())
                               ^

Error: Unexpected Token

Line 1:function foo() : list<int> { return [1, 2, 3] }print(foo())
                                 ^

Error: Unexpected Token


	at edu.montana.csci.csci468.eval.CatscriptFunctionArgsAndReturnEvalTest.returnListWithComponentTypeWorksProperly(CatscriptFunctionArgsAndReturnEvalTest.java:101)

[ERROR] objectTypeArgWorksProperly  Time elapsed: 0 s  <<< ERROR!
edu.montana.csci.csci468.parser.ParseErrorException: 
Parse Errors Occurred:

Line 1:function foo(x : object) { print(x) }foo(1)
                                               ^

Error: Unexpected Token

Line 1:function foo(x : object) { print(x) }foo(1)
                                                ^

Error: Unexpected Token


	at edu.montana.csci.csci468.eval.CatscriptFunctionArgsAndReturnEvalTest.objectTypeArgWorksProperly(CatscriptFunctionArgsAndReturnEvalTest.java:26)

[ERROR] voidFunctionWorksProperly  Time elapsed: 0 s  <<< ERROR!
edu.montana.csci.csci468.parser.ParseErrorException: 
Parse Errors Occurred:

Line 2:function foo() {}foo()print(x)
                           ^

Error: Unexpected Token


	at edu.montana.csci.csci468.eval.CatscriptFunctionArgsAndReturnEvalTest.voidFunctionWorksProperly(CatscriptFunctionArgsAndReturnEvalTest.java:12)

[ERROR] listTypeArgWorksProperly  Time elapsed: 0.001 s  <<< ERROR!
edu.montana.csci.csci468.parser.ParseErrorException: 
Parse Errors Occurred:

Line 1:function foo(x : list) { print(x) }foo([1, 2, 3])
                                             ^

Error: Unexpected Token

Line 1:function foo(x : list) { print(x) }foo([1, 2, 3])
                                              ^

Error: Unexpected Token

Line 1:function foo(x : list) { print(x) }foo([1, 2, 3])
                                               ^

Error: Unexpected Token

Line 1:function foo(x : list) { print(x) }foo([1, 2, 3])
                                                 ^

Error: Unexpected Token

Line 1:function foo(x : list) { print(x) }foo([1, 2, 3])
                                                  ^

Error: Unexpected Token

Line 1:function foo(x : list) { print(x) }foo([1, 2, 3])
                                                    ^

Error: Unexpected Token

Line 1:function foo(x : list) { print(x) }foo([1, 2, 3])
                                                     ^

Error: Unexpected Token

Line 1:function foo(x : list) { print(x) }foo([1, 2, 3])
                                                      ^

Error: Unexpected Token


	at edu.montana.csci.csci468.eval.CatscriptFunctionArgsAndReturnEvalTest.listTypeArgWorksProperly(CatscriptFunctionArgsAndReturnEvalTest.java:50)

[ERROR] intTypeArgWorksProperly  Time elapsed: 0 s  <<< ERROR!
edu.montana.csci.csci468.parser.ParseErrorException: 
Parse Errors Occurred:

Line 1:function foo(x : int) { print(x) }foo(1)
                                            ^

Error: Unexpected Token

Line 1:function foo(x : int) { print(x) }foo(1)
                                             ^

Error: Unexpected Token


	at edu.montana.csci.csci468.eval.CatscriptFunctionArgsAndReturnEvalTest.intTypeArgWorksProperly(CatscriptFunctionArgsAndReturnEvalTest.java:32)

[ERROR] booleanTypeArgWorksProperly  Time elapsed: 0.001 s  <<< ERROR!
edu.montana.csci.csci468.parser.ParseErrorException: 
Parse Errors Occurred:

Line 1:function foo(x : bool) { print(x) }foo(true)
                                             ^

Error: Unexpected Token

Line 1:function foo(x : bool) { print(x) }foo(true)
                                                 ^

Error: Unexpected Token


	at edu.montana.csci.csci468.eval.CatscriptFunctionArgsAndReturnEvalTest.booleanTypeArgWorksProperly(CatscriptFunctionArgsAndReturnEvalTest.java:38)

[INFO] 
[INFO] Results:
[INFO] 
[ERROR] Errors: 
[ERROR]   CatscriptFunctionArgsAndReturnEvalTest.booleanTypeArgWorksProperly:38->CatscriptTestBase.executeProgram:102 » ParseError
[ERROR]   CatscriptFunctionArgsAndReturnEvalTest.intTypeArgWorksProperly:32->CatscriptTestBase.executeProgram:102 » ParseError
[ERROR]   CatscriptFunctionArgsAndReturnEvalTest.listTypeArgWorksProperly:50->CatscriptTestBase.executeProgram:102 » ParseError
[ERROR]   CatscriptFunctionArgsAndReturnEvalTest.listTypeWithComponentTypeArgWorksProperly:56->CatscriptTestBase.executeProgram:102 » ParseError
[ERROR]   CatscriptFunctionArgsAndReturnEvalTest.mutliArgumentFunctionsWork:62->CatscriptTestBase.executeProgram:102 » ParseError
[ERROR]   CatscriptFunctionArgsAndReturnEvalTest.noTypeArgWorksProperly:20->CatscriptTestBase.executeProgram:102 » ParseError
[ERROR]   CatscriptFunctionArgsAndReturnEvalTest.objectTypeArgWorksProperly:26->CatscriptTestBase.executeProgram:102 » ParseError
[ERROR]   CatscriptFunctionArgsAndReturnEvalTest.returnListWithComponentTypeWorksProperly:101->CatscriptTestBase.executeProgram:102 » ParseError
[ERROR]   CatscriptFunctionArgsAndReturnEvalTest.stringTypeArgWorksProperly:44->CatscriptTestBase.executeProgram:102 » ParseError
[ERROR]   CatscriptFunctionArgsAndReturnEvalTest.voidFunctionWorksProperly:12->CatscriptTestBase.executeProgram:102 » ParseError
[ERROR]   CatscriptStatementExecutionTest.functionDeclarationWorksProperly:66->CatscriptTestBase.executeProgram:102 » ParseError
[ERROR]   CatscriptStatementExecutionTest.recursiveFunctionWorksProperly:75->CatscriptTestBase.executeProgram:102 » ParseError
[ERROR]   CatscriptParserStatementsTest.functionCallStatement:136 ClassCast class edu.mo...
[ERROR]   CatscriptParserStatementsTest.varStatementWithListType:119->CatscriptTestBase.parseStatement:41->CatscriptTestBase.parseStatement:45->CatscriptTestBase.parseStatement:56 » ParseError
[ERROR]   CatscriptParserTypeCheckingTest.assignmentTypeError:55->CatscriptTestBase.getParseError:86 » IllegalState
[INFO] 
[ERROR] Tests run: 116, Failures: 0, Errors: 15, Skipped: 0
[INFO] 
[INFO] ------------------------------------------------------------------------
[INFO] BUILD FAILURE
[INFO] ------------------------------------------------------------------------
[INFO] Total time:  1.815 s
[INFO] Finished at: 2023-03-27T20:26:17-06:00
[INFO] ------------------------------------------------------------------------
[ERROR] Failed to execute goal org.apache.maven.plugins:maven-surefire-plugin:2.22.1:test (default-test) on project csci-468-spring2022: There are test failures.
[ERROR] 
[ERROR] Please refer to /Users/carson/Projects/msu/csci-468-spring2023/grading/scripts/repos/shreya_deb/target/surefire-reports for the individual test results.
[ERROR] Please refer to dump files (if any exist) [date].dump, [date]-jvmRun[N].dump and [date].dumpstream.
[ERROR] -> [Help 1]
[ERROR] 
[ERROR] To see the full stack trace of the errors, re-run Maven with the -e switch.
[ERROR] Re-run Maven using the -X switch to enable full debug logging.
[ERROR] 
[ERROR] For more information about the errors and possible solutions, please read the following articles:
[ERROR] [Help 1] http://cwiki.apache.org/confluence/display/MAVEN/MojoFailureException
